# JRE version: Java(TM) SE Runtime Environment (14.0.1+7) (build 14.0.1+7)
# Java VM: Java HotSpot(TM) 64-Bit Server VM (14.0.1+7, mixed mode, sharing, tiered, compressed oops, g1 gc, windows-amd64)
Heap:
 garbage-first heap   total 248832K, used 107517K [0x0000000761400000, 0x0000000800000000)
  region size 1024K, 4 young (4096K), 4 survivors (4096K)
 Metaspace       used 23059K, capacity 23536K, committed 23728K, reserved 1071104K
  class space    used 2775K, capacity 2962K, committed 3072K, reserved 1048576K
GC Heap History (20 events):
Event: 4.060 GC heap after
{Heap after GC invocations=23 (full 0):
 garbage-first heap   total 112640K, used 61258K [0x0000000761400000, 0x0000000800000000)
  region size 1024K, 3 young (3072K), 3 survivors (3072K)
 Metaspace       used 22816K, capacity 23344K, committed 23728K, reserved 1071104K
  class space    used 2764K, capacity 2962K, committed 3072K, reserved 1048576K
}
Event: 4.086 GC heap before
{Heap before GC invocations=24 (full 0):
 garbage-first heap   total 133120K, used 79690K [0x0000000761400000, 0x0000000800000000)
  region size 1024K, 4 young (4096K), 3 survivors (3072K)
 Metaspace       used 22817K, capacity 23344K, committed 23728K, reserved 1071104K
  class space    used 2764K, capacity 2962K, committed 3072K, reserved 1048576K
}
Event: 4.088 GC heap after
{Heap after GC invocations=25 (full 0):
 garbage-first heap   total 133120K, used 77657K [0x0000000761400000, 0x0000000800000000)
  region size 1024K, 1 young (1024K), 1 survivors (1024K)
 Metaspace       used 22817K, capacity 23344K, committed 23728K, reserved 1071104K
  class space    used 2764K, capacity 2962K, committed 3072K, reserved 1048576K
}
Event: 4.108 GC heap before
{Heap before GC invocations=26 (full 0):
 garbage-first heap   total 140288K, used 81753K [0x0000000761400000, 0x0000000800000000)
  region size 1024K, 2 young (2048K), 1 survivors (1024K)
 Metaspace       used 22817K, capacity 23344K, committed 23728K, reserved 1071104K
  class space    used 2764K, capacity 2962K, committed 3072K, reserved 1048576K
}
Event: 4.109 GC heap after
{Heap after GC invocations=27 (full 0):
 garbage-first heap   total 169984K, used 81707K [0x0000000761400000, 0x0000000800000000)
  region size 1024K, 1 young (1024K), 1 survivors (1024K)
 Metaspace       used 22817K, capacity 23344K, committed 23728K, reserved 1071104K
  class space    used 2764K, capacity 2962K, committed 3072K, reserved 1048576K
}
Event: 4.130 GC heap before
{Heap before GC invocations=28 (full 0):
 garbage-first heap   total 169984K, used 99115K [0x0000000761400000, 0x0000000800000000)
  region size 1024K, 4 young (4096K), 1 survivors (1024K)
 Metaspace       used 22820K, capacity 23344K, committed 23728K, reserved 1071104K
  class space    used 2764K, capacity 2962K, committed 3072K, reserved 1048576K
}
Event: 4.131 GC heap after
{Heap after GC invocations=29 (full 0):
 garbage-first heap   total 169984K, used 80646K [0x0000000761400000, 0x0000000800000000)
  region size 1024K, 1 young (1024K), 1 survivors (1024K)
 Metaspace       used 22820K, capacity 23344K, committed 23728K, reserved 1071104K
  class space    used 2764K, capacity 2962K, committed 3072K, reserved 1048576K
}
Event: 4.217 GC heap before
{Heap before GC invocations=30 (full 0):
 garbage-first heap   total 169984K, used 102150K [0x0000000761400000, 0x0000000800000000)
  region size 1024K, 21 young (21504K), 1 survivors (1024K)
 Metaspace       used 22954K, capacity 23472K, committed 23728K, reserved 1071104K
  class space    used 2775K, capacity 2962K, committed 3072K, reserved 1048576K
}
Event: 4.218 GC heap after
{Heap after GC invocations=31 (full 0):
 garbage-first heap   total 169984K, used 42542K [0x0000000761400000, 0x0000000800000000)
  region size 1024K, 3 young (3072K), 3 survivors (3072K)
 Metaspace       used 22954K, capacity 23472K, committed 23728K, reserved 1071104K
  class space    used 2775K, capacity 2962K, committed 3072K, reserved 1048576K
}
Event: 4.268 GC heap before
{Heap before GC invocations=32 (full 0):
 garbage-first heap   total 169984K, used 76334K [0x0000000761400000, 0x0000000800000000)
  region size 1024K, 7 young (7168K), 3 survivors (3072K)
 Metaspace       used 22978K, capacity 23472K, committed 23728K, reserved 1071104K
  class space    used 2775K, capacity 2962K, committed 3072K, reserved 1048576K
}
Event: 4.269 GC heap after
{Heap after GC invocations=33 (full 0):
 garbage-first heap   total 169984K, used 69165K [0x0000000761400000, 0x0000000800000000)
  region size 1024K, 3 young (3072K), 3 survivors (3072K)
 Metaspace       used 22978K, capacity 23472K, committed 23728K, reserved 1071104K
  class space    used 2775K, capacity 2962K, committed 3072K, reserved 1048576K
}
Event: 4.292 GC heap before
{Heap before GC invocations=34 (full 0):
 garbage-first heap   total 169984K, used 94765K [0x0000000761400000, 0x0000000800000000)
  region size 1024K, 5 young (5120K), 3 survivors (3072K)
 Metaspace       used 22997K, capacity 23536K, committed 23728K, reserved 1071104K
  class space    used 2775K, capacity 2962K, committed 3072K, reserved 1048576K
}
Event: 4.293 GC heap after
{Heap after GC invocations=35 (full 0):
 garbage-first heap   total 204800K, used 89344K [0x0000000761400000, 0x0000000800000000)
  region size 1024K, 3 young (3072K), 3 survivors (3072K)
 Metaspace       used 22997K, capacity 23536K, committed 23728K, reserved 1071104K
  class space    used 2775K, capacity 2962K, committed 3072K, reserved 1048576K
}
Event: 4.319 GC heap before
{Heap before GC invocations=36 (full 0):
 garbage-first heap   total 204800K, used 95488K [0x0000000761400000, 0x0000000800000000)
  region size 1024K, 4 young (4096K), 3 survivors (3072K)
 Metaspace       used 22997K, capacity 23536K, committed 23728K, reserved 1071104K
  class space    used 2775K, capacity 2962K, committed 3072K, reserved 1048576K
}
Event: 4.320 GC heap after
{Heap after GC invocations=37 (full 0):
 garbage-first heap   total 204800K, used 95646K [0x0000000761400000, 0x0000000800000000)
  region size 1024K, 3 young (3072K), 3 survivors (3072K)
 Metaspace       used 22997K, capacity 23536K, committed 23728K, reserved 1071104K
  class space    used 2775K, capacity 2962K, committed 3072K, reserved 1048576K
}
Event: 4.384 GC heap before
{Heap before GC invocations=38 (full 0):
 garbage-first heap   total 204800K, used 134558K [0x0000000761400000, 0x0000000800000000)
  region size 1024K, 25 young (25600K), 3 survivors (3072K)
 Metaspace       used 23025K, capacity 23536K, committed 23728K, reserved 1071104K
  class space    used 2775K, capacity 2962K, committed 3072K, reserved 1048576K
}
Event: 4.386 GC heap after
{Heap after GC invocations=39 (full 0):
 garbage-first heap   total 204800K, used 56724K [0x0000000761400000, 0x0000000800000000)
  region size 1024K, 5 young (5120K), 5 survivors (5120K)
 Metaspace       used 23025K, capacity 23536K, committed 23728K, reserved 1071104K
  class space    used 2775K, capacity 2962K, committed 3072K, reserved 1048576K
}
Event: 4.433 GC heap before
{Heap before GC invocations=40 (full 0):
 garbage-first heap   total 204800K, used 98708K [0x0000000761400000, 0x0000000800000000)
  region size 1024K, 9 young (9216K), 5 survivors (5120K)
 Metaspace       used 23059K, capacity 23536K, committed 23728K, reserved 1071104K
  class space    used 2775K, capacity 2962K, committed 3072K, reserved 1048576K
}
Event: 4.434 GC heap after
{Heap after GC invocations=41 (full 0):
 garbage-first heap   total 204800K, used 88931K [0x0000000761400000, 0x0000000800000000)
  region size 1024K, 4 young (4096K), 4 survivors (4096K)
 Metaspace       used 23059K, capacity 23536K, committed 23728K, reserved 1071104K
  class space    used 2775K, capacity 2962K, committed 3072K, reserved 1048576K
}
Event: 4.461 GC heap before
{Heap before GC invocations=42 (full 0):
 garbage-first heap   total 204800K, used 110435K [0x0000000761400000, 0x0000000800000000)
  region size 1024K, 6 young (6144K), 4 survivors (4096K)
 Metaspace       used 23059K, capacity 23536K, committed 23728K, reserved 1071104K
  class space    used 2775K, capacity 2962K, committed 3072K, reserved 1048576K
}

