# JRE version: Java(TM) SE Runtime Environment (14.0.1+7) (build 14.0.1+7)
# Java VM: Java HotSpot(TM) 64-Bit Server VM (14.0.1+7, mixed mode, sharing, tiered, compressed oops, g1 gc, windows-amd64)
Heap:
 garbage-first heap   total 592896K, used 353380K [0x0000000761400000, 0x0000000800000000)
  region size 1024K, 43 young (44032K), 9 survivors (9216K)
 Metaspace       used 27904K, capacity 28294K, committed 28544K, reserved 1075200K
  class space    used 3256K, capacity 3428K, committed 3456K, reserved 1048576K
GC Heap History (20 events):
Event: 319.255 GC heap before
{Heap before GC invocations=137 (full 0):
 garbage-first heap   total 457728K, used 344113K [0x0000000761400000, 0x0000000800000000)
  region size 1024K, 115 young (117760K), 16 survivors (16384K)
 Metaspace       used 27904K, capacity 28294K, committed 28544K, reserved 1075200K
  class space    used 3256K, capacity 3428K, committed 3456K, reserved 1048576K
}
Event: 319.264 GC heap after
{Heap after GC invocations=138 (full 0):
 garbage-first heap   total 457728K, used 246724K [0x0000000761400000, 0x0000000800000000)
  region size 1024K, 12 young (12288K), 12 survivors (12288K)
 Metaspace       used 27904K, capacity 28294K, committed 28544K, reserved 1075200K
  class space    used 3256K, capacity 3428K, committed 3456K, reserved 1048576K
}
Event: 320.346 GC heap before
{Heap before GC invocations=138 (full 0):
 garbage-first heap   total 457728K, used 384964K [0x0000000761400000, 0x0000000800000000)
  region size 1024K, 147 young (150528K), 12 survivors (12288K)
 Metaspace       used 27904K, capacity 28294K, committed 28544K, reserved 1075200K
  class space    used 3256K, capacity 3428K, committed 3456K, reserved 1048576K
}
Event: 320.354 GC heap after
{Heap after GC invocations=139 (full 0):
 garbage-first heap   total 457728K, used 254674K [0x0000000761400000, 0x0000000800000000)
  region size 1024K, 12 young (12288K), 12 survivors (12288K)
 Metaspace       used 27904K, capacity 28294K, committed 28544K, reserved 1075200K
  class space    used 3256K, capacity 3428K, committed 3456K, reserved 1048576K
}
Event: 321.502 GC heap before
{Heap before GC invocations=140 (full 0):
 garbage-first heap   total 457728K, used 386770K [0x0000000761400000, 0x0000000800000000)
  region size 1024K, 141 young (144384K), 12 survivors (12288K)
 Metaspace       used 27904K, capacity 28294K, committed 28544K, reserved 1075200K
  class space    used 3256K, capacity 3428K, committed 3456K, reserved 1048576K
}
Event: 321.511 GC heap after
{Heap after GC invocations=141 (full 0):
 garbage-first heap   total 457728K, used 262426K [0x0000000761400000, 0x0000000800000000)
  region size 1024K, 16 young (16384K), 16 survivors (16384K)
 Metaspace       used 27904K, capacity 28294K, committed 28544K, reserved 1075200K
  class space    used 3256K, capacity 3428K, committed 3456K, reserved 1048576K
}
Event: 322.578 GC heap before
{Heap before GC invocations=141 (full 0):
 garbage-first heap   total 457728K, used 387354K [0x0000000761400000, 0x0000000800000000)
  region size 1024K, 138 young (141312K), 16 survivors (16384K)
 Metaspace       used 27904K, capacity 28294K, committed 28544K, reserved 1075200K
  class space    used 3256K, capacity 3428K, committed 3456K, reserved 1048576K
}
Event: 322.589 GC heap after
{Heap after GC invocations=142 (full 0):
 garbage-first heap   total 457728K, used 269649K [0x0000000761400000, 0x0000000800000000)
  region size 1024K, 15 young (15360K), 15 survivors (15360K)
 Metaspace       used 27904K, capacity 28294K, committed 28544K, reserved 1075200K
  class space    used 3256K, capacity 3428K, committed 3456K, reserved 1048576K
}
Event: 323.668 GC heap before
{Heap before GC invocations=143 (full 0):
 garbage-first heap   total 488448K, used 385361K [0x0000000761400000, 0x0000000800000000)
  region size 1024K, 128 young (131072K), 15 survivors (15360K)
 Metaspace       used 27904K, capacity 28294K, committed 28544K, reserved 1075200K
  class space    used 3256K, capacity 3428K, committed 3456K, reserved 1048576K
}
Event: 323.678 GC heap after
{Heap after GC invocations=144 (full 0):
 garbage-first heap   total 488448K, used 277865K [0x0000000761400000, 0x0000000800000000)
  region size 1024K, 16 young (16384K), 16 survivors (16384K)
 Metaspace       used 27904K, capacity 28294K, committed 28544K, reserved 1075200K
  class space    used 3256K, capacity 3428K, committed 3456K, reserved 1048576K
}
Event: 324.794 GC heap before
{Heap before GC invocations=144 (full 0):
 garbage-first heap   total 488448K, used 413033K [0x0000000761400000, 0x0000000800000000)
  region size 1024K, 148 young (151552K), 16 survivors (16384K)
 Metaspace       used 27904K, capacity 28294K, committed 28544K, reserved 1075200K
  class space    used 3256K, capacity 3428K, committed 3456K, reserved 1048576K
}
Event: 324.803 GC heap after
{Heap after GC invocations=145 (full 0):
 garbage-first heap   total 488448K, used 286097K [0x0000000761400000, 0x0000000800000000)
  region size 1024K, 16 young (16384K), 16 survivors (16384K)
 Metaspace       used 27904K, capacity 28294K, committed 28544K, reserved 1075200K
  class space    used 3256K, capacity 3428K, committed 3456K, reserved 1048576K
}
Event: 325.970 GC heap before
{Heap before GC invocations=146 (full 0):
 garbage-first heap   total 526336K, used 408977K [0x0000000761400000, 0x0000000800000000)
  region size 1024K, 136 young (139264K), 16 survivors (16384K)
 Metaspace       used 27904K, capacity 28294K, committed 28544K, reserved 1075200K
  class space    used 3256K, capacity 3428K, committed 3456K, reserved 1048576K
}
Event: 325.981 GC heap after
{Heap after GC invocations=147 (full 0):
 garbage-first heap   total 526336K, used 293041K [0x0000000761400000, 0x0000000800000000)
  region size 1024K, 15 young (15360K), 15 survivors (15360K)
 Metaspace       used 27904K, capacity 28294K, committed 28544K, reserved 1075200K
  class space    used 3256K, capacity 3428K, committed 3456K, reserved 1048576K
}
Event: 327.220 GC heap before
{Heap before GC invocations=147 (full 0):
 garbage-first heap   total 526336K, used 447665K [0x0000000761400000, 0x0000000800000000)
  region size 1024K, 166 young (169984K), 15 survivors (15360K)
 Metaspace       used 27904K, capacity 28294K, committed 28544K, reserved 1075200K
  class space    used 3256K, capacity 3428K, committed 3456K, reserved 1048576K
}
Event: 327.230 GC heap after
{Heap after GC invocations=148 (full 0):
 garbage-first heap   total 526336K, used 301099K [0x0000000761400000, 0x0000000800000000)
  region size 1024K, 16 young (16384K), 16 survivors (16384K)
 Metaspace       used 27904K, capacity 28294K, committed 28544K, reserved 1075200K
  class space    used 3256K, capacity 3428K, committed 3456K, reserved 1048576K
}
Event: 328.783 GC heap before
{Heap before GC invocations=149 (full 0):
 garbage-first heap   total 526336K, used 446507K [0x0000000761400000, 0x0000000800000000)
  region size 1024K, 158 young (161792K), 16 survivors (16384K)
 Metaspace       used 27904K, capacity 28294K, committed 28544K, reserved 1075200K
  class space    used 3256K, capacity 3428K, committed 3456K, reserved 1048576K
}
Event: 328.796 GC heap after
{Heap after GC invocations=150 (full 0):
 garbage-first heap   total 526336K, used 312189K [0x0000000761400000, 0x0000000800000000)
  region size 1024K, 19 young (19456K), 19 survivors (19456K)
 Metaspace       used 27904K, capacity 28294K, committed 28544K, reserved 1075200K
  class space    used 3256K, capacity 3428K, committed 3456K, reserved 1048576K
}
Event: 329.988 GC heap before
{Heap before GC invocations=150 (full 0):
 garbage-first heap   total 526336K, used 444285K [0x0000000761400000, 0x0000000800000000)
  region size 1024K, 148 young (151552K), 19 survivors (19456K)
 Metaspace       used 27904K, capacity 28294K, committed 28544K, reserved 1075200K
  class space    used 3256K, capacity 3428K, committed 3456K, reserved 1048576K
}
Event: 329.998 GC heap after
{Heap after GC invocations=151 (full 0):
 garbage-first heap   total 526336K, used 319588K [0x0000000761400000, 0x0000000800000000)
  region size 1024K, 9 young (9216K), 9 survivors (9216K)
 Metaspace       used 27904K, capacity 28294K, committed 28544K, reserved 1075200K
  class space    used 3256K, capacity 3428K, committed 3456K, reserved 1048576K
}

